<?xml version="1.0" encoding="UTF-8"?>
<!-- Generated by org.testng.reporters.JUnitReportReporter -->
<testsuite skipped="0" hostname="bhawna-atl" name="APIPKG.testAPI2" tests="1" failures="0" timestamp="01 May 2018 11:08:32 GMT" time="1.661" errors="0">
  <testcase name="RegistrationSuccessful" time="1.661" classname="APIPKG.testAPI2"/>
</testsuite> <!-- APIPKG.testAPI2 -->
